# JRE version: OpenJDK Runtime Environment (8.0_302-b08) (build 1.8.0_302-b08)
# Java VM: OpenJDK 64-Bit Server VM (25.302-b08 mixed mode windows-amd64 compressed oops)
Heap:
 PSYoungGen      total 53760K, used 38011K [0x000001415e000000, 0x0000014161d00000, 0x00000141b2e00000)
  eden space 53248K, 70% used [0x000001415e000000,0x00000141604ceed8,0x0000014161400000)
  from space 512K, 62% used [0x0000014161500000,0x0000014161550010,0x0000014161580000)
  to   space 4608K, 0% used [0x0000014161880000,0x0000014161880000,0x0000014161d00000)
 ParOldGen       total 175104K, used 2639K [0x00000140b4400000, 0x00000140bef00000, 0x000001415e000000)
  object space 175104K, 1% used [0x00000140b4400000,0x00000140b4693eb0,0x00000140bef00000)
 Metaspace       used 8026K, capacity 8161K, committed 8320K, reserved 1056768K
  class space    used 726K, capacity 797K, committed 896K, reserved 1048576K
GC Heap History (10 events):
Event: 9.526 GC heap before
{Heap before GC invocations=11 (full 0):
 PSYoungGen      total 62464K, used 58768K [0x000001415e000000, 0x0000014162300000, 0x00000141b2e00000)
  eden space 58368K, 99% used [0x000001415e000000,0x00000141618f4020,0x0000014161900000)
  from space 4096K, 10% used [0x0000014161f00000,0x0000014161f70010,0x0000014162300000)
  to   space 5120K, 0% used [0x0000014161900000,0x0000014161900000,0x0000014161e00000)
 ParOldGen       total 175104K, used 2439K [0x00000140b4400000, 0x00000140bef00000, 0x000001415e000000)
  object space 175104K, 1% used [0x00000140b4400000,0x00000140b4661eb0,0x00000140bef00000)
 Metaspace       used 8007K, capacity 8161K, committed 8320K, reserved 1056768K
  class space    used 726K, capacity 797K, committed 896K, reserved 1048576K
Event: 9.526 GC heap after
Heap after GC invocations=11 (full 0):
 PSYoungGen      total 57856K, used 320K [0x000001415e000000, 0x0000014162200000, 0x00000141b2e00000)
  eden space 57344K, 0% used [0x000001415e000000,0x000001415e000000,0x0000014161800000)
  from space 512K, 62% used [0x0000014161900000,0x0000014161950000,0x0000014161980000)
  to   space 5120K, 0% used [0x0000014161d00000,0x0000014161d00000,0x0000014162200000)
 ParOldGen       total 175104K, used 2487K [0x00000140b4400000, 0x00000140bef00000, 0x000001415e000000)
  object space 175104K, 1% used [0x00000140b4400000,0x00000140b466deb0,0x00000140bef00000)
 Metaspace       used 8007K, capacity 8161K, committed 8320K, reserved 1056768K
  class space    used 726K, capacity 797K, committed 896K, reserved 1048576K
}
Event: 10.178 GC heap before
{Heap before GC invocations=12 (full 0):
 PSYoungGen      total 57856K, used 57664K [0x000001415e000000, 0x0000014162200000, 0x00000141b2e00000)
  eden space 57344K, 100% used [0x000001415e000000,0x0000014161800000,0x0000014161800000)
  from space 512K, 62% used [0x0000014161900000,0x0000014161950000,0x0000014161980000)
  to   space 5120K, 0% used [0x0000014161d00000,0x0000014161d00000,0x0000014162200000)
 ParOldGen       total 175104K, used 2487K [0x00000140b4400000, 0x00000140bef00000, 0x000001415e000000)
  object space 175104K, 1% used [0x00000140b4400000,0x00000140b466deb0,0x00000140bef00000)
 Metaspace       used 8007K, capacity 8161K, committed 8320K, reserved 1056768K
  class space    used 726K, capacity 797K, committed 896K, reserved 1048576K
Event: 10.179 GC heap after
Heap after GC invocations=12 (full 0):
 PSYoungGen      total 59392K, used 320K [0x000001415e000000, 0x0000014162000000, 0x00000141b2e00000)
  eden space 56320K, 0% used [0x000001415e000000,0x000001415e000000,0x0000014161700000)
  from space 3072K, 10% used [0x0000014161d00000,0x0000014161d50000,0x0000014162000000)
  to   space 4608K, 0% used [0x0000014161700000,0x0000014161700000,0x0000014161b80000)
 ParOldGen       total 175104K, used 2543K [0x00000140b4400000, 0x00000140bef00000, 0x000001415e000000)
  object space 175104K, 1% used [0x00000140b4400000,0x00000140b467beb0,0x00000140bef00000)
 Metaspace       used 8007K, capacity 8161K, committed 8320K, reserved 1056768K
  class space    used 726K, capacity 797K, committed 896K, reserved 1048576K
}
Event: 10.810 GC heap before
{Heap before GC invocations=13 (full 0):
 PSYoungGen      total 59392K, used 56640K [0x000001415e000000, 0x0000014162000000, 0x00000141b2e00000)
  eden space 56320K, 100% used [0x000001415e000000,0x0000014161700000,0x0000014161700000)
  from space 3072K, 10% used [0x0000014161d00000,0x0000014161d50000,0x0000014162000000)
  to   space 4608K, 0% used [0x0000014161700000,0x0000014161700000,0x0000014161b80000)
 ParOldGen       total 175104K, used 2543K [0x00000140b4400000, 0x00000140bef00000, 0x000001415e000000)
  object space 175104K, 1% used [0x00000140b4400000,0x00000140b467beb0,0x00000140bef00000)
 Metaspace       used 8008K, capacity 8161K, committed 8320K, reserved 1056768K
  class space    used 726K, capacity 797K, committed 896K, reserved 1048576K
Event: 10.810 GC heap after
Heap after GC invocations=13 (full 0):
 PSYoungGen      total 55808K, used 480K [0x000001415e000000, 0x0000014161f00000, 0x00000141b2e00000)
  eden space 55296K, 0% used [0x000001415e000000,0x000001415e000000,0x0000014161600000)
  from space 512K, 93% used [0x0000014161700000,0x0000014161778010,0x0000014161780000)
  to   space 4608K, 0% used [0x0000014161a80000,0x0000014161a80000,0x0000014161f00000)
 ParOldGen       total 175104K, used 2559K [0x00000140b4400000, 0x00000140bef00000, 0x000001415e000000)
  object space 175104K, 1% used [0x00000140b4400000,0x00000140b467feb0,0x00000140bef00000)
 Metaspace       used 8008K, capacity 8161K, committed 8320K, reserved 1056768K
  class space    used 726K, capacity 797K, committed 896K, reserved 1048576K
}
Event: 11.426 GC heap before
{Heap before GC invocations=14 (full 0):
 PSYoungGen      total 55808K, used 55776K [0x000001415e000000, 0x0000014161f00000, 0x00000141b2e00000)
  eden space 55296K, 100% used [0x000001415e000000,0x0000014161600000,0x0000014161600000)
  from space 512K, 93% used [0x0000014161700000,0x0000014161778010,0x0000014161780000)
  to   space 4608K, 0% used [0x0000014161a80000,0x0000014161a80000,0x0000014161f00000)
 ParOldGen       total 175104K, used 2559K [0x00000140b4400000, 0x00000140bef00000, 0x000001415e000000)
  object space 175104K, 1% used [0x00000140b4400000,0x00000140b467feb0,0x00000140bef00000)
 Metaspace       used 8011K, capacity 8161K, committed 8320K, reserved 1056768K
  class space    used 726K, capacity 797K, committed 896K, reserved 1048576K
Event: 11.427 GC heap after
Heap after GC invocations=14 (full 0):
 PSYoungGen      total 57856K, used 320K [0x000001415e000000, 0x0000014161e00000, 0x00000141b2e00000)
  eden space 54272K, 0% used [0x000001415e000000,0x000001415e000000,0x0000014161500000)
  from space 3584K, 8% used [0x0000014161a80000,0x0000014161ad0000,0x0000014161e00000)
  to   space 4608K, 0% used [0x0000014161500000,0x0000014161500000,0x0000014161980000)
 ParOldGen       total 175104K, used 2583K [0x00000140b4400000, 0x00000140bef00000, 0x000001415e000000)
  object space 175104K, 1% used [0x00000140b4400000,0x00000140b4685eb0,0x00000140bef00000)
 Metaspace       used 8011K, capacity 8161K, committed 8320K, reserved 1056768K
  class space    used 726K, capacity 797K, committed 896K, reserved 1048576K
}
Event: 12.053 GC heap before
{Heap before GC invocations=15 (full 0):
 PSYoungGen      total 57856K, used 54592K [0x000001415e000000, 0x0000014161e00000, 0x00000141b2e00000)
  eden space 54272K, 100% used [0x000001415e000000,0x0000014161500000,0x0000014161500000)
  from space 3584K, 8% used [0x0000014161a80000,0x0000014161ad0000,0x0000014161e00000)
  to   space 4608K, 0% used [0x0000014161500000,0x0000014161500000,0x0000014161980000)
 ParOldGen       total 175104K, used 2583K [0x00000140b4400000, 0x00000140bef00000, 0x000001415e000000)
  object space 175104K, 1% used [0x00000140b4400000,0x00000140b4685eb0,0x00000140bef00000)
 Metaspace       used 8026K, capacity 8161K, committed 8320K, reserved 1056768K
  class space    used 726K, capacity 797K, committed 896K, reserved 1048576K
Event: 12.053 GC heap after
Heap after GC invocations=15 (full 0):
 PSYoungGen      total 53760K, used 320K [0x000001415e000000, 0x0000014161d00000, 0x00000141b2e00000)
  eden space 53248K, 0% used [0x000001415e000000,0x000001415e000000,0x0000014161400000)
  from space 512K, 62% used [0x0000014161500000,0x0000014161550010,0x0000014161580000)
  to   space 4608K, 0% used [0x0000014161880000,0x0000014161880000,0x0000014161d00000)
 ParOldGen       total 175104K, used 2639K [0x00000140b4400000, 0x00000140bef00000, 0x000001415e000000)
  object space 175104K, 1% used [0x00000140b4400000,0x00000140b4693eb0,0x00000140bef00000)
 Metaspace       used 8026K, capacity 8161K, committed 8320K, reserved 1056768K
  class space    used 726K, capacity 797K, committed 896K, reserved 1048576K
}

