# JRE version: OpenJDK Runtime Environment (8.0_302-b08) (build 1.8.0_302-b08)
# Java VM: OpenJDK 64-Bit Server VM (25.302-b08 mixed mode windows-amd64 compressed oops)
Heap:
 PSYoungGen      total 65024K, used 56684K [0x000000076b200000, 0x000000076fb00000, 0x00000007c0000000)
  eden space 62464K, 86% used [0x000000076b200000,0x000000076e6e9798,0x000000076ef00000)
  from space 2560K, 97% used [0x000000076f880000,0x000000076faf19e0,0x000000076fb00000)
  to   space 4608K, 0% used [0x000000076f200000,0x000000076f200000,0x000000076f680000)
 ParOldGen       total 175104K, used 152K [0x00000006c1600000, 0x00000006cc100000, 0x000000076b200000)
  object space 175104K, 0% used [0x00000006c1600000,0x00000006c1626020,0x00000006cc100000)
 Metaspace       used 7964K, capacity 8113K, committed 8320K, reserved 1056768K
  class space    used 726K, capacity 797K, committed 896K, reserved 1048576K
GC Heap History (10 events):
Event: 3.255 GC heap before
{Heap before GC invocations=2 (full 0):
 PSYoungGen      total 76288K, used 69930K [0x000000076b200000, 0x0000000770700000, 0x00000007c0000000)
  eden space 65536K, 100% used [0x000000076b200000,0x000000076f200000,0x000000076f200000)
  from space 10752K, 40% used [0x000000076f200000,0x000000076f64a9d8,0x000000076fc80000)
  to   space 10752K, 0% used [0x000000076fc80000,0x000000076fc80000,0x0000000770700000)
 ParOldGen       total 175104K, used 48K [0x00000006c1600000, 0x00000006cc100000, 0x000000076b200000)
  object space 175104K, 0% used [0x00000006c1600000,0x00000006c160c010,0x00000006cc100000)
 Metaspace       used 7829K, capacity 7985K, committed 8320K, reserved 1056768K
  class space    used 726K, capacity 797K, committed 896K, reserved 1048576K
Event: 3.256 GC heap after
Heap after GC invocations=2 (full 0):
 PSYoungGen      total 76288K, used 2438K [0x000000076b200000, 0x0000000770700000, 0x00000007c0000000)
  eden space 65536K, 0% used [0x000000076b200000,0x000000076b200000,0x000000076f200000)
  from space 10752K, 22% used [0x000000076fc80000,0x000000076fee19d0,0x0000000770700000)
  to   space 10752K, 0% used [0x000000076f200000,0x000000076f200000,0x000000076fc80000)
 ParOldGen       total 175104K, used 56K [0x00000006c1600000, 0x00000006cc100000, 0x000000076b200000)
  object space 175104K, 0% used [0x00000006c1600000,0x00000006c160e010,0x00000006cc100000)
 Metaspace       used 7829K, capacity 7985K, committed 8320K, reserved 1056768K
  class space    used 726K, capacity 797K, committed 896K, reserved 1048576K
}
Event: 4.340 GC heap before
{Heap before GC invocations=3 (full 0):
 PSYoungGen      total 76288K, used 67973K [0x000000076b200000, 0x0000000770700000, 0x00000007c0000000)
  eden space 65536K, 99% used [0x000000076b200000,0x000000076f1ffcb0,0x000000076f200000)
  from space 10752K, 22% used [0x000000076fc80000,0x000000076fee19d0,0x0000000770700000)
  to   space 10752K, 0% used [0x000000076f200000,0x000000076f200000,0x000000076fc80000)
 ParOldGen       total 175104K, used 56K [0x00000006c1600000, 0x00000006cc100000, 0x000000076b200000)
  object space 175104K, 0% used [0x00000006c1600000,0x00000006c160e010,0x00000006cc100000)
 Metaspace       used 7901K, capacity 8113K, committed 8320K, reserved 1056768K
  class space    used 726K, capacity 797K, committed 896K, reserved 1048576K
Event: 4.341 GC heap after
Heap after GC invocations=3 (full 0):
 PSYoungGen      total 76288K, used 2550K [0x000000076b200000, 0x0000000770700000, 0x00000007c0000000)
  eden space 65536K, 0% used [0x000000076b200000,0x000000076b200000,0x000000076f200000)
  from space 10752K, 23% used [0x000000076f200000,0x000000076f47da00,0x000000076fc80000)
  to   space 10752K, 0% used [0x000000076fc80000,0x000000076fc80000,0x0000000770700000)
 ParOldGen       total 175104K, used 64K [0x00000006c1600000, 0x00000006cc100000, 0x000000076b200000)
  object space 175104K, 0% used [0x00000006c1600000,0x00000006c1610010,0x00000006cc100000)
 Metaspace       used 7901K, capacity 8113K, committed 8320K, reserved 1056768K
  class space    used 726K, capacity 797K, committed 896K, reserved 1048576K
}
Event: 5.460 GC heap before
{Heap before GC invocations=4 (full 0):
 PSYoungGen      total 76288K, used 68086K [0x000000076b200000, 0x0000000770700000, 0x00000007c0000000)
  eden space 65536K, 100% used [0x000000076b200000,0x000000076f200000,0x000000076f200000)
  from space 10752K, 23% used [0x000000076f200000,0x000000076f47da00,0x000000076fc80000)
  to   space 10752K, 0% used [0x000000076fc80000,0x000000076fc80000,0x0000000770700000)
 ParOldGen       total 175104K, used 64K [0x00000006c1600000, 0x00000006cc100000, 0x000000076b200000)
  object space 175104K, 0% used [0x00000006c1600000,0x00000006c1610010,0x00000006cc100000)
 Metaspace       used 7948K, capacity 8113K, committed 8320K, reserved 1056768K
  class space    used 726K, capacity 797K, committed 896K, reserved 1048576K
Event: 5.461 GC heap after
Heap after GC invocations=4 (full 0):
 PSYoungGen      total 76288K, used 2326K [0x000000076b200000, 0x0000000770700000, 0x00000007c0000000)
  eden space 65536K, 0% used [0x000000076b200000,0x000000076b200000,0x000000076f200000)
  from space 10752K, 21% used [0x000000076fc80000,0x000000076fec59d0,0x0000000770700000)
  to   space 10752K, 0% used [0x000000076f200000,0x000000076f200000,0x000000076fc80000)
 ParOldGen       total 175104K, used 136K [0x00000006c1600000, 0x00000006cc100000, 0x000000076b200000)
  object space 175104K, 0% used [0x00000006c1600000,0x00000006c1622020,0x00000006cc100000)
 Metaspace       used 7948K, capacity 8113K, committed 8320K, reserved 1056768K
  class space    used 726K, capacity 797K, committed 896K, reserved 1048576K
}
Event: 6.579 GC heap before
{Heap before GC invocations=5 (full 0):
 PSYoungGen      total 76288K, used 67862K [0x000000076b200000, 0x0000000770700000, 0x00000007c0000000)
  eden space 65536K, 100% used [0x000000076b200000,0x000000076f200000,0x000000076f200000)
  from space 10752K, 21% used [0x000000076fc80000,0x000000076fec59d0,0x0000000770700000)
  to   space 10752K, 0% used [0x000000076f200000,0x000000076f200000,0x000000076fc80000)
 ParOldGen       total 175104K, used 136K [0x00000006c1600000, 0x00000006cc100000, 0x000000076b200000)
  object space 175104K, 0% used [0x00000006c1600000,0x00000006c1622020,0x00000006cc100000)
 Metaspace       used 7953K, capacity 8113K, committed 8320K, reserved 1056768K
  class space    used 726K, capacity 797K, committed 896K, reserved 1048576K
Event: 6.581 GC heap after
Heap after GC invocations=5 (full 0):
 PSYoungGen      total 66560K, used 2342K [0x000000076b200000, 0x000000076fd00000, 0x00000007c0000000)
  eden space 64000K, 0% used [0x000000076b200000,0x000000076b200000,0x000000076f080000)
  from space 2560K, 91% used [0x000000076f200000,0x000000076f4499c0,0x000000076f480000)
  to   space 4608K, 0% used [0x000000076f880000,0x000000076f880000,0x000000076fd00000)
 ParOldGen       total 175104K, used 144K [0x00000006c1600000, 0x00000006cc100000, 0x000000076b200000)
  object space 175104K, 0% used [0x00000006c1600000,0x00000006c1624020,0x00000006cc100000)
 Metaspace       used 7953K, capacity 8113K, committed 8320K, reserved 1056768K
  class space    used 726K, capacity 797K, committed 896K, reserved 1048576K
}
Event: 7.690 GC heap before
{Heap before GC invocations=6 (full 0):
 PSYoungGen      total 66560K, used 66342K [0x000000076b200000, 0x000000076fd00000, 0x00000007c0000000)
  eden space 64000K, 100% used [0x000000076b200000,0x000000076f080000,0x000000076f080000)
  from space 2560K, 91% used [0x000000076f200000,0x000000076f4499c0,0x000000076f480000)
  to   space 4608K, 0% used [0x000000076f880000,0x000000076f880000,0x000000076fd00000)
 ParOldGen       total 175104K, used 144K [0x00000006c1600000, 0x00000006cc100000, 0x000000076b200000)
  object space 175104K, 0% used [0x00000006c1600000,0x00000006c1624020,0x00000006cc100000)
 Metaspace       used 7964K, capacity 8113K, committed 8320K, reserved 1056768K
  class space    used 726K, capacity 797K, committed 896K, reserved 1048576K
Event: 7.692 GC heap after
Heap after GC invocations=6 (full 0):
 PSYoungGen      total 65024K, used 2502K [0x000000076b200000, 0x000000076fb00000, 0x00000007c0000000)
  eden space 62464K, 0% used [0x000000076b200000,0x000000076b200000,0x000000076ef00000)
  from space 2560K, 97% used [0x000000076f880000,0x000000076faf19e0,0x000000076fb00000)
  to   space 4608K, 0% used [0x000000076f200000,0x000000076f200000,0x000000076f680000)
 ParOldGen       total 175104K, used 152K [0x00000006c1600000, 0x00000006cc100000, 0x000000076b200000)
  object space 175104K, 0% used [0x00000006c1600000,0x00000006c1626020,0x00000006cc100000)
 Metaspace       used 7964K, capacity 8113K, committed 8320K, reserved 1056768K
  class space    used 726K, capacity 797K, committed 896K, reserved 1048576K
}

