# JRE version: OpenJDK Runtime Environment (8.0_302-b08) (build 1.8.0_302-b08)
# Java VM: OpenJDK 64-Bit Server VM (25.302-b08 mixed mode windows-amd64 compressed oops)
Heap:
 PSYoungGen      total 62976K, used 38742K [0x000000076b200000, 0x000000076f700000, 0x00000007c0000000)
  eden space 60416K, 63% used [0x000000076b200000,0x000000076d785b28,0x000000076ed00000)
  from space 2560K, 12% used [0x000000076f480000,0x000000076f4d0000,0x000000076f700000)
  to   space 5120K, 0% used [0x000000076ed00000,0x000000076ed00000,0x000000076f200000)
 ParOldGen       total 175104K, used 2300K [0x00000006c1600000, 0x00000006cc100000, 0x000000076b200000)
  object space 175104K, 1% used [0x00000006c1600000,0x00000006c183f1a8,0x00000006cc100000)
 Metaspace       used 7988K, capacity 8161K, committed 8320K, reserved 1056768K
  class space    used 726K, capacity 797K, committed 896K, reserved 1048576K
GC Heap History (10 events):
Event: 5.599 GC heap before
{Heap before GC invocations=4 (full 0):
 PSYoungGen      total 76288K, used 67958K [0x000000076b200000, 0x0000000770700000, 0x00000007c0000000)
  eden space 65536K, 100% used [0x000000076b200000,0x000000076f200000,0x000000076f200000)
  from space 10752K, 22% used [0x000000076f200000,0x000000076f45d9e0,0x000000076fc80000)
  to   space 10752K, 0% used [0x000000076fc80000,0x000000076fc80000,0x0000000770700000)
 ParOldGen       total 175104K, used 64K [0x00000006c1600000, 0x00000006cc100000, 0x000000076b200000)
  object space 175104K, 0% used [0x00000006c1600000,0x00000006c1610010,0x00000006cc100000)
 Metaspace       used 7945K, capacity 8097K, committed 8320K, reserved 1056768K
  class space    used 726K, capacity 797K, committed 896K, reserved 1048576K
Event: 5.600 GC heap after
Heap after GC invocations=4 (full 0):
 PSYoungGen      total 76288K, used 2454K [0x000000076b200000, 0x0000000770700000, 0x00000007c0000000)
  eden space 65536K, 0% used [0x000000076b200000,0x000000076b200000,0x000000076f200000)
  from space 10752K, 22% used [0x000000076fc80000,0x000000076fee59f0,0x0000000770700000)
  to   space 10752K, 0% used [0x000000076f200000,0x000000076f200000,0x000000076fc80000)
 ParOldGen       total 175104K, used 136K [0x00000006c1600000, 0x00000006cc100000, 0x000000076b200000)
  object space 175104K, 0% used [0x00000006c1600000,0x00000006c1622020,0x00000006cc100000)
 Metaspace       used 7945K, capacity 8097K, committed 8320K, reserved 1056768K
  class space    used 726K, capacity 797K, committed 896K, reserved 1048576K
}
Event: 6.718 GC heap before
{Heap before GC invocations=5 (full 0):
 PSYoungGen      total 76288K, used 67990K [0x000000076b200000, 0x0000000770700000, 0x00000007c0000000)
  eden space 65536K, 100% used [0x000000076b200000,0x000000076f200000,0x000000076f200000)
  from space 10752K, 22% used [0x000000076fc80000,0x000000076fee59f0,0x0000000770700000)
  to   space 10752K, 0% used [0x000000076f200000,0x000000076f200000,0x000000076fc80000)
 ParOldGen       total 175104K, used 136K [0x00000006c1600000, 0x00000006cc100000, 0x000000076b200000)
  object space 175104K, 0% used [0x00000006c1600000,0x00000006c1622020,0x00000006cc100000)
 Metaspace       used 7946K, capacity 8097K, committed 8320K, reserved 1056768K
  class space    used 726K, capacity 797K, committed 896K, reserved 1048576K
Event: 6.720 GC heap after
Heap after GC invocations=5 (full 0):
 PSYoungGen      total 66560K, used 2502K [0x000000076b200000, 0x000000076fd00000, 0x00000007c0000000)
  eden space 64000K, 0% used [0x000000076b200000,0x000000076b200000,0x000000076f080000)
  from space 2560K, 97% used [0x000000076f200000,0x000000076f4719d0,0x000000076f480000)
  to   space 4608K, 0% used [0x000000076f880000,0x000000076f880000,0x000000076fd00000)
 ParOldGen       total 175104K, used 136K [0x00000006c1600000, 0x00000006cc100000, 0x000000076b200000)
  object space 175104K, 0% used [0x00000006c1600000,0x00000006c1622020,0x00000006cc100000)
 Metaspace       used 7946K, capacity 8097K, committed 8320K, reserved 1056768K
  class space    used 726K, capacity 797K, committed 896K, reserved 1048576K
}
Event: 7.800 GC heap before
{Heap before GC invocations=6 (full 0):
 PSYoungGen      total 66560K, used 66502K [0x000000076b200000, 0x000000076fd00000, 0x00000007c0000000)
  eden space 64000K, 100% used [0x000000076b200000,0x000000076f080000,0x000000076f080000)
  from space 2560K, 97% used [0x000000076f200000,0x000000076f4719d0,0x000000076f480000)
  to   space 4608K, 0% used [0x000000076f880000,0x000000076f880000,0x000000076fd00000)
 ParOldGen       total 175104K, used 136K [0x00000006c1600000, 0x00000006cc100000, 0x000000076b200000)
  object space 175104K, 0% used [0x00000006c1600000,0x00000006c1622020,0x00000006cc100000)
 Metaspace       used 7957K, capacity 8097K, committed 8320K, reserved 1056768K
  class space    used 726K, capacity 797K, committed 896K, reserved 1048576K
Event: 7.801 GC heap after
Heap after GC invocations=6 (full 0):
 PSYoungGen      total 65024K, used 2214K [0x000000076b200000, 0x000000076fb00000, 0x00000007c0000000)
  eden space 62464K, 0% used [0x000000076b200000,0x000000076b200000,0x000000076ef00000)
  from space 2560K, 86% used [0x000000076f880000,0x000000076faa99c0,0x000000076fb00000)
  to   space 4608K, 0% used [0x000000076f200000,0x000000076f200000,0x000000076f680000)
 ParOldGen       total 175104K, used 144K [0x00000006c1600000, 0x00000006cc100000, 0x000000076b200000)
  object space 175104K, 0% used [0x00000006c1600000,0x00000006c1624020,0x00000006cc100000)
 Metaspace       used 7957K, capacity 8097K, committed 8320K, reserved 1056768K
  class space    used 726K, capacity 797K, committed 896K, reserved 1048576K
}
Event: 8.863 GC heap before
{Heap before GC invocations=7 (full 0):
 PSYoungGen      total 65024K, used 64678K [0x000000076b200000, 0x000000076fb00000, 0x00000007c0000000)
  eden space 62464K, 100% used [0x000000076b200000,0x000000076ef00000,0x000000076ef00000)
  from space 2560K, 86% used [0x000000076f880000,0x000000076faa99c0,0x000000076fb00000)
  to   space 4608K, 0% used [0x000000076f200000,0x000000076f200000,0x000000076f680000)
 ParOldGen       total 175104K, used 144K [0x00000006c1600000, 0x00000006cc100000, 0x000000076b200000)
  object space 175104K, 0% used [0x00000006c1600000,0x00000006c1624020,0x00000006cc100000)
 Metaspace       used 7957K, capacity 8097K, committed 8320K, reserved 1056768K
  class space    used 726K, capacity 797K, committed 896K, reserved 1048576K
Event: 8.865 GC heap after
Heap after GC invocations=7 (full 0):
 PSYoungGen      total 61952K, used 288K [0x000000076b200000, 0x000000076f900000, 0x00000007c0000000)
  eden space 61440K, 0% used [0x000000076b200000,0x000000076b200000,0x000000076ee00000)
  from space 512K, 56% used [0x000000076f200000,0x000000076f248000,0x000000076f280000)
  to   space 4608K, 0% used [0x000000076f480000,0x000000076f480000,0x000000076f900000)
 ParOldGen       total 175104K, used 2236K [0x00000006c1600000, 0x00000006cc100000, 0x000000076b200000)
  object space 175104K, 1% used [0x00000006c1600000,0x00000006c182f1a8,0x00000006cc100000)
 Metaspace       used 7957K, capacity 8097K, committed 8320K, reserved 1056768K
  class space    used 726K, capacity 797K, committed 896K, reserved 1048576K
}
Event: 9.897 GC heap before
{Heap before GC invocations=8 (full 0):
 PSYoungGen      total 61952K, used 61728K [0x000000076b200000, 0x000000076f900000, 0x00000007c0000000)
  eden space 61440K, 100% used [0x000000076b200000,0x000000076ee00000,0x000000076ee00000)
  from space 512K, 56% used [0x000000076f200000,0x000000076f248000,0x000000076f280000)
  to   space 4608K, 0% used [0x000000076f480000,0x000000076f480000,0x000000076f900000)
 ParOldGen       total 175104K, used 2236K [0x00000006c1600000, 0x00000006cc100000, 0x000000076b200000)
  object space 175104K, 1% used [0x00000006c1600000,0x00000006c182f1a8,0x00000006cc100000)
 Metaspace       used 7988K, capacity 8161K, committed 8320K, reserved 1056768K
  class space    used 726K, capacity 797K, committed 896K, reserved 1048576K
Event: 9.898 GC heap after
Heap after GC invocations=8 (full 0):
 PSYoungGen      total 62976K, used 320K [0x000000076b200000, 0x000000076f700000, 0x00000007c0000000)
  eden space 60416K, 0% used [0x000000076b200000,0x000000076b200000,0x000000076ed00000)
  from space 2560K, 12% used [0x000000076f480000,0x000000076f4d0000,0x000000076f700000)
  to   space 5120K, 0% used [0x000000076ed00000,0x000000076ed00000,0x000000076f200000)
 ParOldGen       total 175104K, used 2300K [0x00000006c1600000, 0x00000006cc100000, 0x000000076b200000)
  object space 175104K, 1% used [0x00000006c1600000,0x00000006c183f1a8,0x00000006cc100000)
 Metaspace       used 7988K, capacity 8161K, committed 8320K, reserved 1056768K
  class space    used 726K, capacity 797K, committed 896K, reserved 1048576K
}

